Admin logged in: aryan
User created by admin: nikhil
User logged in: nikhil
Admin logged in: aryan
User created: nikhil
User logged in: nikhil
User created: nikhil
User logged in: nikhil
Admin logged in: aryan
User created: nikhil
User logged in: nikhil
User created: arya1
Error: Invalid admin username or password.
Error: Invalid admin username or password.
User created: aryan
Error: Invalid username or password.
Mon Jul 29 00:40:45 2024
: Error: Invalid admin username or password.
Mon Jul 29 00:40:52 2024
: Error: Invalid username or password.
